<?xml version="1.0" encoding="UTF-8"?>
<coverage generated="1707247452967" clover="3.2.0">
  <project timestamp="1707247452967" name="All files">
    <metrics statements="80" coveredstatements="75" conditionals="62" coveredconditionals="49" methods="19" coveredmethods="18" elements="161" coveredelements="142" complexity="0" loc="80" ncloc="80" packages="3" files="5" classes="5"/>
    <package name="components.contexts">
      <metrics statements="61" coveredstatements="56" conditionals="52" coveredconditionals="39" methods="11" coveredmethods="10"/>
      <file name="ViewportContext.jsx" path="/Users/zane/playground/liquid-labs/react-viewport-context/src/components/contexts/ViewportContext.jsx">
        <metrics statements="44" coveredstatements="39" conditionals="27" coveredconditionals="20" methods="9" coveredmethods="8"/>
        <line num="4" count="4" type="stmt"/>
        <line num="5" count="472" type="cond" truecount="6" falsecount="0"/>
        <line num="7" count="4" type="stmt"/>
        <line num="9" count="4" type="stmt"/>
        <line num="14" count="4" type="stmt"/>
        <line num="15" count="29" type="stmt"/>
        <line num="16" count="29" type="stmt"/>
        <line num="17" count="29" type="stmt"/>
        <line num="18" count="29" type="stmt"/>
        <line num="19" count="29" type="stmt"/>
        <line num="20" count="90" type="stmt"/>
        <line num="21" count="29" type="cond" truecount="3" falsecount="1"/>
        <line num="22" count="23" type="stmt"/>
        <line num="23" count="23" type="cond" truecount="0" falsecount="1"/>
        <line num="24" count="0" type="stmt"/>
        <line num="26" count="23" type="stmt"/>
        <line num="28" count="29" type="stmt"/>
        <line num="29" count="9" type="cond" truecount="2" falsecount="0"/>
        <line num="32" count="29" type="stmt"/>
        <line num="35" count="4" type="stmt"/>
        <line num="38" count="0" type="cond" truecount="0" falsecount="1"/>
        <line num="41" count="49" type="cond" truecount="0" falsecount="1"/>
        <line num="42" count="0" type="stmt"/>
        <line num="44" count="49" type="stmt"/>
        <line num="45" count="49" type="cond" truecount="0" falsecount="1"/>
        <line num="46" count="0" type="stmt"/>
        <line num="48" count="49" type="cond" truecount="3" falsecount="2"/>
        <line num="49" count="0" type="stmt"/>
        <line num="51" count="49" type="stmt"/>
        <line num="52" count="49" type="stmt"/>
        <line num="53" count="49" type="cond" truecount="1" falsecount="0"/>
        <line num="54" count="24" type="stmt"/>
        <line num="55" count="24" type="cond" truecount="1" falsecount="0"/>
        <line num="58" count="49" type="stmt"/>
        <line num="59" count="27" type="stmt"/>
        <line num="60" count="5" type="stmt"/>
        <line num="61" count="5" type="cond" truecount="1" falsecount="0"/>
        <line num="63" count="27" type="stmt"/>
        <line num="65" count="27" type="stmt"/>
        <line num="67" count="49" type="stmt"/>
        <line num="69" count="49" type="stmt"/>
        <line num="72" count="4" type="stmt"/>
        <line num="74" count="4" type="cond" truecount="1" falsecount="0"/>
        <line num="75" count="4" type="stmt"/>
      </file>
      <file name="mainPaddingPlugin.js" path="/Users/zane/playground/liquid-labs/react-viewport-context/src/components/contexts/mainPaddingPlugin.js">
        <metrics statements="10" coveredstatements="10" conditionals="24" coveredconditionals="18" methods="1" coveredmethods="1"/>
        <line num="4" count="1" type="stmt"/>
        <line num="6" count="1" type="stmt"/>
        <line num="7" count="4" type="cond" truecount="1" falsecount="0"/>
        <line num="9" count="3" type="cond" truecount="1" falsecount="0"/>
        <line num="11" count="3" type="cond" truecount="6" falsecount="2"/>
        <line num="13" count="3" type="cond" truecount="4" falsecount="2"/>
        <line num="15" count="3" type="cond" truecount="6" falsecount="2"/>
        <line num="20" count="3" type="stmt"/>
        <line num="22" count="3" type="stmt"/>
        <line num="23" count="1" type="stmt"/>
      </file>
      <file name="widthPlugin.js" path="/Users/zane/playground/liquid-labs/react-viewport-context/src/components/contexts/widthPlugin.js">
        <metrics statements="7" coveredstatements="7" conditionals="1" coveredconditionals="1" methods="1" coveredmethods="1"/>
        <line num="12" count="1" type="stmt"/>
        <line num="13" count="5" type="stmt"/>
        <line num="15" count="5" type="cond" truecount="1" falsecount="0"/>
        <line num="16" count="4" type="stmt"/>
        <line num="17" count="4" type="stmt"/>
        <line num="19" count="1" type="stmt"/>
        <line num="20" count="1" type="stmt"/>
      </file>
    </package>
    <package name="components.hooks">
      <metrics statements="3" coveredstatements="3" conditionals="0" coveredconditionals="0" methods="1" coveredmethods="1"/>
      <file name="useViewportInfo.js" path="/Users/zane/playground/liquid-labs/react-viewport-context/src/components/hooks/useViewportInfo.js">
        <metrics statements="3" coveredstatements="3" conditionals="0" coveredconditionals="0" methods="1" coveredmethods="1"/>
        <line num="4" count="4" type="stmt"/>
        <line num="5" count="4" type="stmt"/>
        <line num="7" count="27" type="stmt"/>
      </file>
    </package>
    <package name="utils">
      <metrics statements="16" coveredstatements="16" conditionals="10" coveredconditionals="10" methods="7" coveredmethods="7"/>
      <file name="mainPadding.js" path="/Users/zane/playground/liquid-labs/react-viewport-context/src/utils/mainPadding.js">
        <metrics statements="16" coveredstatements="16" conditionals="10" coveredconditionals="10" methods="7" coveredmethods="7"/>
        <line num="18" count="2" type="stmt"/>
        <line num="19" count="20" type="cond" truecount="2" falsecount="0"/>
        <line num="32" count="2" type="stmt"/>
        <line num="33" count="4" type="stmt"/>
        <line num="34" count="4" type="stmt"/>
        <line num="36" count="4" type="stmt"/>
        <line num="37" count="20" type="cond" truecount="2" falsecount="0"/>
        <line num="41" count="2" type="stmt"/>
        <line num="43" count="2" type="stmt"/>
        <line num="44" count="1" type="stmt"/>
        <line num="45" count="1" type="stmt"/>
        <line num="46" count="1" type="stmt"/>
        <line num="48" count="5" type="cond" truecount="2" falsecount="0"/>
        <line num="54" count="5" type="cond" truecount="2" falsecount="0"/>
        <line num="59" count="5" type="cond" truecount="2" falsecount="0"/>
        <line num="64" count="2" type="stmt"/>
      </file>
    </package>
  </project>
</coverage>
