<?xml version="1.0" encoding="UTF-8"?>
<coverage generated="1707182355389" clover="3.2.0">
  <project timestamp="1707182355389" name="All files">
    <metrics statements="76" coveredstatements="73" conditionals="55" coveredconditionals="46" methods="18" coveredmethods="18" elements="149" coveredelements="137" complexity="0" loc="76" ncloc="76" packages="4" files="6" classes="6"/>
    <package name="components.contexts">
      <metrics statements="56" coveredstatements="54" conditionals="45" coveredconditionals="36" methods="10" coveredmethods="10"/>
      <file name="ViewportContext.jsx" path="/Users/zane/playground/liquid-labs/react-viewport-context/src/components/contexts/ViewportContext.jsx">
        <metrics statements="39" coveredstatements="37" conditionals="20" coveredconditionals="17" methods="8" coveredmethods="8"/>
        <line num="4" count="4" type="stmt"/>
        <line num="5" count="472" type="cond" truecount="6" falsecount="0"/>
        <line num="7" count="4" type="stmt"/>
        <line num="9" count="4" type="stmt"/>
        <line num="14" count="4" type="stmt"/>
        <line num="15" count="29" type="stmt"/>
        <line num="16" count="29" type="stmt"/>
        <line num="17" count="29" type="stmt"/>
        <line num="18" count="29" type="stmt"/>
        <line num="19" count="29" type="stmt"/>
        <line num="20" count="90" type="stmt"/>
        <line num="21" count="29" type="cond" truecount="3" falsecount="1"/>
        <line num="22" count="23" type="stmt"/>
        <line num="23" count="23" type="cond" truecount="0" falsecount="1"/>
        <line num="24" count="0" type="stmt"/>
        <line num="26" count="23" type="stmt"/>
        <line num="28" count="29" type="stmt"/>
        <line num="29" count="9" type="cond" truecount="2" falsecount="0"/>
        <line num="32" count="29" type="stmt"/>
        <line num="35" count="4" type="stmt"/>
        <line num="41" count="49" type="stmt"/>
        <line num="42" count="49" type="cond" truecount="0" falsecount="1"/>
        <line num="43" count="0" type="stmt"/>
        <line num="45" count="49" type="stmt"/>
        <line num="46" count="49" type="stmt"/>
        <line num="47" count="49" type="cond" truecount="1" falsecount="0"/>
        <line num="48" count="24" type="stmt"/>
        <line num="49" count="24" type="cond" truecount="1" falsecount="0"/>
        <line num="52" count="49" type="stmt"/>
        <line num="53" count="27" type="stmt"/>
        <line num="54" count="5" type="stmt"/>
        <line num="55" count="5" type="cond" truecount="1" falsecount="0"/>
        <line num="57" count="27" type="stmt"/>
        <line num="59" count="27" type="stmt"/>
        <line num="61" count="49" type="stmt"/>
        <line num="63" count="49" type="stmt"/>
        <line num="66" count="4" type="stmt"/>
        <line num="68" count="4" type="cond" truecount="1" falsecount="0"/>
        <line num="69" count="4" type="stmt"/>
      </file>
      <file name="mainPaddingPlugin.js" path="/Users/zane/playground/liquid-labs/react-viewport-context/src/components/contexts/mainPaddingPlugin.js">
        <metrics statements="10" coveredstatements="10" conditionals="24" coveredconditionals="18" methods="1" coveredmethods="1"/>
        <line num="4" count="1" type="stmt"/>
        <line num="6" count="1" type="stmt"/>
        <line num="7" count="4" type="cond" truecount="1" falsecount="0"/>
        <line num="9" count="3" type="cond" truecount="1" falsecount="0"/>
        <line num="11" count="3" type="cond" truecount="6" falsecount="2"/>
        <line num="13" count="3" type="cond" truecount="4" falsecount="2"/>
        <line num="15" count="3" type="cond" truecount="6" falsecount="2"/>
        <line num="20" count="3" type="stmt"/>
        <line num="22" count="3" type="stmt"/>
        <line num="23" count="1" type="stmt"/>
      </file>
      <file name="widthPlugin.js" path="/Users/zane/playground/liquid-labs/react-viewport-context/src/components/contexts/widthPlugin.js">
        <metrics statements="7" coveredstatements="7" conditionals="1" coveredconditionals="1" methods="1" coveredmethods="1"/>
        <line num="12" count="1" type="stmt"/>
        <line num="13" count="5" type="stmt"/>
        <line num="15" count="5" type="cond" truecount="1" falsecount="0"/>
        <line num="16" count="4" type="stmt"/>
        <line num="17" count="4" type="stmt"/>
        <line num="19" count="1" type="stmt"/>
        <line num="20" count="1" type="stmt"/>
      </file>
    </package>
    <package name="components.hooks">
      <metrics statements="3" coveredstatements="3" conditionals="0" coveredconditionals="0" methods="1" coveredmethods="1"/>
      <file name="useViewportInfo.js" path="/Users/zane/playground/liquid-labs/react-viewport-context/src/components/hooks/useViewportInfo.js">
        <metrics statements="3" coveredstatements="3" conditionals="0" coveredconditionals="0" methods="1" coveredmethods="1"/>
        <line num="4" count="4" type="stmt"/>
        <line num="5" count="4" type="stmt"/>
        <line num="7" count="27" type="stmt"/>
      </file>
    </package>
    <package name="pages">
      <metrics statements="1" coveredstatements="0" conditionals="0" coveredconditionals="0" methods="0" coveredmethods="0"/>
      <file name="foo.js" path="/Users/zane/playground/liquid-labs/react-viewport-context/src/pages/foo.js">
        <metrics statements="1" coveredstatements="0" conditionals="0" coveredconditionals="0" methods="0" coveredmethods="0"/>
        <line num="4" count="0" type="stmt"/>
      </file>
    </package>
    <package name="utils">
      <metrics statements="16" coveredstatements="16" conditionals="10" coveredconditionals="10" methods="7" coveredmethods="7"/>
      <file name="mainPadding.js" path="/Users/zane/playground/liquid-labs/react-viewport-context/src/utils/mainPadding.js">
        <metrics statements="16" coveredstatements="16" conditionals="10" coveredconditionals="10" methods="7" coveredmethods="7"/>
        <line num="18" count="2" type="stmt"/>
        <line num="19" count="20" type="cond" truecount="2" falsecount="0"/>
        <line num="32" count="2" type="stmt"/>
        <line num="33" count="4" type="stmt"/>
        <line num="34" count="4" type="stmt"/>
        <line num="36" count="4" type="stmt"/>
        <line num="37" count="20" type="cond" truecount="2" falsecount="0"/>
        <line num="41" count="2" type="stmt"/>
        <line num="43" count="2" type="stmt"/>
        <line num="44" count="1" type="stmt"/>
        <line num="45" count="1" type="stmt"/>
        <line num="46" count="1" type="stmt"/>
        <line num="48" count="5" type="cond" truecount="2" falsecount="0"/>
        <line num="54" count="5" type="cond" truecount="2" falsecount="0"/>
        <line num="59" count="5" type="cond" truecount="2" falsecount="0"/>
        <line num="64" count="2" type="stmt"/>
      </file>
    </package>
  </project>
</coverage>
