{"/Users/zane/playground/liquid-labs/react-viewport-context/src/components/contexts/ViewportContext.jsx": {"path":"/Users/zane/playground/liquid-labs/react-viewport-context/src/components/contexts/ViewportContext.jsx","statementMap":{"0":{"start":{"line":4,"column":0},"end":{"line":4,"column":null}},"1":{"start":{"line":5,"column":0},"end":{"line":5,"column":null}},"2":{"start":{"line":7,"column":0},"end":{"line":7,"column":47}},"3":{"start":{"line":7,"column":47},"end":{"line":7,"column":null}},"4":{"start":{"line":9,"column":26},"end":{"line":9,"column":44}},"5":{"start":{"line":11,"column":22},"end":{"line":14,"column":1}},"6":{"start":{"line":16,"column":17},"end":{"line":32,"column":1}},"7":{"start":{"line":17,"column":20},"end":{"line":17,"column":37}},"8":{"start":{"line":18,"column":27},"end":{"line":18,"column":44}},"9":{"start":{"line":19,"column":18},"end":{"line":19,"column":33}},"10":{"start":{"line":20,"column":15},"end":{"line":20,"column":20}},"11":{"start":{"line":21,"column":24},"end":{"line":22,"column":36}},"12":{"start":{"line":22,"column":4},"end":{"line":22,"column":35}},"13":{"start":{"line":23,"column":2},"end":{"line":26,"column":null}},"14":{"start":{"line":24,"column":4},"end":{"line":24,"column":null}},"15":{"start":{"line":25,"column":4},"end":{"line":25,"column":null}},"16":{"start":{"line":27,"column":2},"end":{"line":29,"column":null}},"17":{"start":{"line":28,"column":4},"end":{"line":28,"column":null}},"18":{"start":{"line":31,"column":2},"end":{"line":31,"column":null}},"19":{"start":{"line":34,"column":24},"end":{"line":60,"column":1}},"20":{"start":{"line":35,"column":16},"end":{"line":35,"column":26}},"21":{"start":{"line":36,"column":2},"end":{"line":38,"column":null}},"22":{"start":{"line":37,"column":4},"end":{"line":37,"column":null}},"23":{"start":{"line":39,"column":23},"end":{"line":39,"column":35}},"24":{"start":{"line":40,"column":34},"end":{"line":40,"column":57}},"25":{"start":{"line":41,"column":2},"end":{"line":44,"column":null}},"26":{"start":{"line":42,"column":30},"end":{"line":42,"column":86}},"27":{"start":{"line":43,"column":4},"end":{"line":43,"column":null}},"28":{"start":{"line":43,"column":16},"end":{"line":43,"column":null}},"29":{"start":{"line":46,"column":2},"end":{"line":54,"column":null}},"30":{"start":{"line":47,"column":21},"end":{"line":50,"column":5}},"31":{"start":{"line":48,"column":32},"end":{"line":48,"column":88}},"32":{"start":{"line":49,"column":6},"end":{"line":49,"column":null}},"33":{"start":{"line":49,"column":18},"end":{"line":49,"column":null}},"34":{"start":{"line":51,"column":4},"end":{"line":51,"column":null}},"35":{"start":{"line":53,"column":4},"end":{"line":53,"column":null}},"36":{"start":{"line":53,"column":17},"end":{"line":53,"column":63}},"37":{"start":{"line":55,"column":2},"end":{"line":55,"column":null}},"38":{"start":{"line":57,"column":2},"end":{"line":59,"column":null}},"39":{"start":{"line":60,"column":1},"end":{"line":60,"column":null}},"40":{"start":{"line":62,"column":0},"end":{"line":67,"column":null}},"41":{"start":{"line":63,"column":2},"end":{"line":66,"column":null}}},"fnMap":{"0":{"name":"_getRequireWildcardCache","decl":{"start":{"line":7,"column":47},"end":{"line":7,"column":null}},"loc":{"start":{"line":7,"column":47},"end":{"line":7,"column":null}}},"1":{"name":"(anonymous_3)","decl":{"start":{"line":16,"column":17},"end":{"line":16,"column":18}},"loc":{"start":{"line":16,"column":58},"end":{"line":32,"column":1}}},"2":{"name":"(anonymous_4)","decl":{"start":{"line":21,"column":53},"end":{"line":21,"column":54}},"loc":{"start":{"line":22,"column":4},"end":{"line":22,"column":35}}},"3":{"name":"(anonymous_5)","decl":{"start":{"line":27,"column":19},"end":{"line":27,"column":25}},"loc":{"start":{"line":27,"column":30},"end":{"line":29,"column":3}}},"4":{"name":"(anonymous_6)","decl":{"start":{"line":34,"column":24},"end":{"line":34,"column":25}},"loc":{"start":{"line":34,"column":56},"end":{"line":60,"column":1}}},"5":{"name":"(anonymous_7)","decl":{"start":{"line":46,"column":12},"end":{"line":46,"column":18}},"loc":{"start":{"line":46,"column":18},"end":{"line":54,"column":3}}},"6":{"name":"(anonymous_8)","decl":{"start":{"line":47,"column":21},"end":{"line":47,"column":27}},"loc":{"start":{"line":47,"column":27},"end":{"line":50,"column":5}}},"7":{"name":"(anonymous_9)","decl":{"start":{"line":53,"column":11},"end":{"line":53,"column":17}},"loc":{"start":{"line":53,"column":17},"end":{"line":53,"column":63}}}},"branchMap":{"0":{"loc":{"start":{"line":7,"column":47},"end":{"line":7,"column":null}},"type":"if","locations":[{"start":{"line":7,"column":47},"end":{"line":7,"column":null}}]},"1":{"loc":{"start":{"line":7,"column":47},"end":{"line":7,"column":null}},"type":"cond-expr","locations":[{"start":{"line":7,"column":47},"end":{"line":7,"column":null}},{"start":{"line":7,"column":47},"end":{"line":7,"column":null}}]},"2":{"loc":{"start":{"line":7,"column":47},"end":{"line":7,"column":null}},"type":"binary-expr","locations":[{"start":{"line":7,"column":47},"end":{"line":7,"column":null}},{"start":{"line":7,"column":47},"end":{"line":7,"column":null}},{"start":{"line":7,"column":47},"end":{"line":7,"column":null}}]},"3":{"loc":{"start":{"line":23,"column":2},"end":{"line":26,"column":null}},"type":"if","locations":[{"start":{"line":23,"column":2},"end":{"line":26,"column":null}}]},"4":{"loc":{"start":{"line":28,"column":13},"end":{"line":28,"column":66}},"type":"binary-expr","locations":[{"start":{"line":28,"column":13},"end":{"line":28,"column":56}},{"start":{"line":28,"column":60},"end":{"line":28,"column":66}}]},"5":{"loc":{"start":{"line":34,"column":27},"end":{"line":34,"column":39}},"type":"default-arg","locations":[{"start":{"line":34,"column":37},"end":{"line":34,"column":39}}]},"6":{"loc":{"start":{"line":36,"column":2},"end":{"line":38,"column":null}},"type":"if","locations":[{"start":{"line":36,"column":2},"end":{"line":38,"column":null}}]},"7":{"loc":{"start":{"line":41,"column":2},"end":{"line":44,"column":null}},"type":"if","locations":[{"start":{"line":41,"column":2},"end":{"line":44,"column":null}}]},"8":{"loc":{"start":{"line":43,"column":4},"end":{"line":43,"column":null}},"type":"if","locations":[{"start":{"line":43,"column":4},"end":{"line":43,"column":null}}]},"9":{"loc":{"start":{"line":49,"column":6},"end":{"line":49,"column":null}},"type":"if","locations":[{"start":{"line":49,"column":6},"end":{"line":49,"column":null}}]},"10":{"loc":{"start":{"line":62,"column":0},"end":{"line":67,"column":null}},"type":"if","locations":[{"start":{"line":62,"column":0},"end":{"line":67,"column":null}}]}},"s":{"0":4,"1":4,"2":4,"3":472,"4":4,"5":4,"6":4,"7":29,"8":29,"9":29,"10":29,"11":29,"12":90,"13":29,"14":23,"15":23,"16":29,"17":9,"18":29,"19":4,"20":49,"21":49,"22":0,"23":49,"24":49,"25":49,"26":24,"27":24,"28":22,"29":49,"30":27,"31":5,"32":5,"33":2,"34":27,"35":27,"36":27,"37":49,"38":49,"39":4,"40":4,"41":4},"f":{"0":12,"1":29,"2":90,"3":9,"4":49,"5":27,"6":5,"7":27},"b":{"0":[140],"1":[292,296],"2":[148,148,144],"3":[23],"4":[9,2],"5":[35],"6":[0],"7":[24],"8":[22],"9":[2],"10":[4]}}
,"/Users/zane/playground/liquid-labs/react-viewport-context/src/components/contexts/mainPaddingPlugin.js": {"path":"/Users/zane/playground/liquid-labs/react-viewport-context/src/components/contexts/mainPaddingPlugin.js","statementMap":{"0":{"start":{"line":4,"column":0},"end":{"line":4,"column":null}},"1":{"start":{"line":6,"column":26},"end":{"line":23,"column":1}},"2":{"start":{"line":7,"column":2},"end":{"line":7,"column":null}},"3":{"start":{"line":7,"column":27},"end":{"line":7,"column":null}},"4":{"start":{"line":9,"column":2},"end":{"line":17,"column":null}},"5":{"start":{"line":11,"column":4},"end":{"line":12,"column":null}},"6":{"start":{"line":13,"column":4},"end":{"line":14,"column":null}},"7":{"start":{"line":15,"column":4},"end":{"line":16,"column":null}},"8":{"start":{"line":20,"column":2},"end":{"line":20,"column":null}},"9":{"start":{"line":22,"column":2},"end":{"line":22,"column":null}},"10":{"start":{"line":23,"column":1},"end":{"line":23,"column":null}}},"fnMap":{"0":{"name":"(anonymous_0)","decl":{"start":{"line":6,"column":26},"end":{"line":6,"column":27}},"loc":{"start":{"line":6,"column":67},"end":{"line":23,"column":1}}}},"branchMap":{"0":{"loc":{"start":{"line":7,"column":2},"end":{"line":7,"column":null}},"type":"if","locations":[{"start":{"line":7,"column":2},"end":{"line":7,"column":null}}]},"1":{"loc":{"start":{"line":9,"column":2},"end":{"line":17,"column":null}},"type":"if","locations":[{"start":{"line":9,"column":2},"end":{"line":17,"column":null}}]},"2":{"loc":{"start":{"line":11,"column":4},"end":{"line":12,"column":83}},"type":"binary-expr","locations":[{"start":{"line":11,"column":4},"end":{"line":11,"column":43}},{"start":{"line":12,"column":6},"end":{"line":12,"column":83}}]},"3":{"loc":{"start":{"line":11,"column":18},"end":{"line":11,"column":42}},"type":"cond-expr","locations":[{"start":{"line":11,"column":36},"end":{"line":11,"column":38}},{"start":{"line":11,"column":18},"end":{"line":11,"column":42}}]},"4":{"loc":{"start":{"line":11,"column":18},"end":{"line":11,"column":38}},"type":"binary-expr","locations":[{"start":{"line":11,"column":18},"end":{"line":11,"column":25}},{"start":{"line":11,"column":18},"end":{"line":11,"column":25}},{"start":{"line":11,"column":23},"end":{"line":11,"column":38}},{"start":{"line":11,"column":36},"end":{"line":11,"column":38}}]},"5":{"loc":{"start":{"line":13,"column":4},"end":{"line":14,"column":66}},"type":"binary-expr","locations":[{"start":{"line":13,"column":4},"end":{"line":13,"column":18}},{"start":{"line":14,"column":6},"end":{"line":14,"column":66}}]},"6":{"loc":{"start":{"line":13,"column":4},"end":{"line":13,"column":18}},"type":"cond-expr","locations":[{"start":{"line":13,"column":9},"end":{"line":13,"column":11}},{"start":{"line":13,"column":4},"end":{"line":13,"column":18}}]},"7":{"loc":{"start":{"line":13,"column":4},"end":{"line":13,"column":11}},"type":"binary-expr","locations":[{"start":{"line":13,"column":4},"end":{"line":13,"column":11}},{"start":{"line":13,"column":4},"end":{"line":13,"column":11}}]},"8":{"loc":{"start":{"line":15,"column":4},"end":{"line":16,"column":77}},"type":"binary-expr","locations":[{"start":{"line":15,"column":4},"end":{"line":15,"column":30}},{"start":{"line":16,"column":6},"end":{"line":16,"column":77}}]},"9":{"loc":{"start":{"line":15,"column":4},"end":{"line":15,"column":30}},"type":"cond-expr","locations":[{"start":{"line":15,"column":17},"end":{"line":15,"column":19}},{"start":{"line":15,"column":4},"end":{"line":15,"column":30}}]},"10":{"loc":{"start":{"line":15,"column":4},"end":{"line":15,"column":19}},"type":"binary-expr","locations":[{"start":{"line":15,"column":4},"end":{"line":15,"column":11}},{"start":{"line":15,"column":4},"end":{"line":15,"column":11}},{"start":{"line":15,"column":9},"end":{"line":15,"column":19}},{"start":{"line":15,"column":17},"end":{"line":15,"column":19}}]}},"s":{"0":1,"1":1,"2":4,"3":1,"4":3,"5":3,"6":3,"7":3,"8":3,"9":3,"10":1},"f":{"0":4},"b":{"0":[1],"1":[3],"2":[3,0],"3":[0,3],"4":[3,3,3,3],"5":[3,0],"6":[0,3],"7":[3,3],"8":[3,0],"9":[0,3],"10":[3,3,3,3]}}
,"/Users/zane/playground/liquid-labs/react-viewport-context/src/components/contexts/widthPlugin.js": {"path":"/Users/zane/playground/liquid-labs/react-viewport-context/src/components/contexts/widthPlugin.js","statementMap":{"0":{"start":{"line":12,"column":20},"end":{"line":20,"column":1}},"1":{"start":{"line":13,"column":20},"end":{"line":13,"column":37}},"2":{"start":{"line":15,"column":2},"end":{"line":18,"column":null}},"3":{"start":{"line":16,"column":4},"end":{"line":16,"column":null}},"4":{"start":{"line":17,"column":4},"end":{"line":17,"column":null}},"5":{"start":{"line":19,"column":2},"end":{"line":19,"column":null}},"6":{"start":{"line":20,"column":1},"end":{"line":20,"column":null}}},"fnMap":{"0":{"name":"(anonymous_0)","decl":{"start":{"line":12,"column":20},"end":{"line":12,"column":21}},"loc":{"start":{"line":12,"column":43},"end":{"line":20,"column":1}}}},"branchMap":{"0":{"loc":{"start":{"line":15,"column":2},"end":{"line":18,"column":null}},"type":"if","locations":[{"start":{"line":15,"column":2},"end":{"line":18,"column":null}}]}},"s":{"0":1,"1":5,"2":5,"3":4,"4":4,"5":1,"6":1},"f":{"0":5},"b":{"0":[4]}}
,"/Users/zane/playground/liquid-labs/react-viewport-context/src/components/hooks/useViewportInfo.js": {"path":"/Users/zane/playground/liquid-labs/react-viewport-context/src/components/hooks/useViewportInfo.js","statementMap":{"0":{"start":{"line":4,"column":0},"end":{"line":4,"column":null}},"1":{"start":{"line":5,"column":0},"end":{"line":5,"column":67}},"2":{"start":{"line":7,"column":24},"end":{"line":7,"column":62}},"3":{"start":{"line":7,"column":30},"end":{"line":7,"column":62}},"4":{"start":{"line":7,"column":62},"end":{"line":7,"column":null}}},"fnMap":{"0":{"name":"(anonymous_0)","decl":{"start":{"line":7,"column":24},"end":{"line":7,"column":30}},"loc":{"start":{"line":7,"column":30},"end":{"line":7,"column":62}}}},"branchMap":{},"s":{"0":4,"1":4,"2":4,"3":27,"4":4},"f":{"0":27},"b":{}}
,"/Users/zane/playground/liquid-labs/react-viewport-context/src/utils/mainPadding.js": {"path":"/Users/zane/playground/liquid-labs/react-viewport-context/src/utils/mainPadding.js","statementMap":{"0":{"start":{"line":18,"column":20},"end":{"line":30,"column":1}},"1":{"start":{"line":19,"column":2},"end":{"line":29,"column":null}},"2":{"start":{"line":32,"column":28},"end":{"line":41,"column":1}},"3":{"start":{"line":33,"column":25},"end":{"line":33,"column":47}},"4":{"start":{"line":34,"column":20},"end":{"line":34,"column":44}},"5":{"start":{"line":36,"column":2},"end":{"line":40,"column":null}},"6":{"start":{"line":37,"column":4},"end":{"line":38,"column":11}},"7":{"start":{"line":41,"column":1},"end":{"line":41,"column":null}},"8":{"start":{"line":43,"column":26},"end":{"line":64,"column":1}},"9":{"start":{"line":44,"column":26},"end":{"line":44,"column":51}},"10":{"start":{"line":45,"column":25},"end":{"line":45,"column":47}},"11":{"start":{"line":46,"column":2},"end":{"line":63,"column":null}},"12":{"start":{"line":48,"column":6},"end":{"line":51,"column":15}},"13":{"start":{"line":54,"column":6},"end":{"line":56,"column":15}},"14":{"start":{"line":59,"column":6},"end":{"line":61,"column":15}},"15":{"start":{"line":64,"column":1},"end":{"line":64,"column":null}}},"fnMap":{"0":{"name":"(anonymous_0)","decl":{"start":{"line":18,"column":20},"end":{"line":18,"column":21}},"loc":{"start":{"line":18,"column":42},"end":{"line":30,"column":1}}},"1":{"name":"(anonymous_1)","decl":{"start":{"line":32,"column":28},"end":{"line":32,"column":33}},"loc":{"start":{"line":32,"column":38},"end":{"line":41,"column":1}}},"2":{"name":"(anonymous_2)","decl":{"start":{"line":36,"column":31},"end":{"line":36,"column":32}},"loc":{"start":{"line":37,"column":4},"end":{"line":38,"column":11}}},"3":{"name":"(anonymous_3)","decl":{"start":{"line":43,"column":26},"end":{"line":43,"column":27}},"loc":{"start":{"line":43,"column":46},"end":{"line":64,"column":1}}},"4":{"name":"(anonymous_4)","decl":{"start":{"line":47,"column":55},"end":{"line":47,"column":56}},"loc":{"start":{"line":48,"column":6},"end":{"line":51,"column":15}}},"5":{"name":"(anonymous_5)","decl":{"start":{"line":53,"column":53},"end":{"line":53,"column":54}},"loc":{"start":{"line":54,"column":6},"end":{"line":56,"column":15}}},"6":{"name":"(anonymous_6)","decl":{"start":{"line":58,"column":56},"end":{"line":58,"column":57}},"loc":{"start":{"line":59,"column":6},"end":{"line":61,"column":15}}}},"branchMap":{"0":{"loc":{"start":{"line":19,"column":9},"end":{"line":29,"column":7}},"type":"cond-expr","locations":[{"start":{"line":20,"column":6},"end":{"line":24,"column":7}},{"start":{"line":25,"column":6},"end":{"line":29,"column":7}}]},"1":{"loc":{"start":{"line":37,"column":4},"end":{"line":38,"column":11}},"type":"binary-expr","locations":[{"start":{"line":37,"column":5},"end":{"line":37,"column":58}},{"start":{"line":38,"column":8},"end":{"line":38,"column":11}}]},"2":{"loc":{"start":{"line":48,"column":6},"end":{"line":51,"column":15}},"type":"binary-expr","locations":[{"start":{"line":48,"column":7},"end":{"line":51,"column":7}},{"start":{"line":51,"column":12},"end":{"line":51,"column":15}}]},"3":{"loc":{"start":{"line":54,"column":6},"end":{"line":56,"column":15}},"type":"binary-expr","locations":[{"start":{"line":54,"column":7},"end":{"line":56,"column":7}},{"start":{"line":56,"column":12},"end":{"line":56,"column":15}}]},"4":{"loc":{"start":{"line":59,"column":6},"end":{"line":61,"column":15}},"type":"binary-expr","locations":[{"start":{"line":59,"column":7},"end":{"line":61,"column":7}},{"start":{"line":61,"column":12},"end":{"line":61,"column":15}}]}},"s":{"0":2,"1":20,"2":2,"3":4,"4":4,"5":4,"6":20,"7":2,"8":2,"9":1,"10":1,"11":1,"12":5,"13":5,"14":5,"15":2},"f":{"0":20,"1":4,"2":20,"3":1,"4":5,"5":5,"6":5},"b":{"0":[15,5],"1":[20,20],"2":[5,5],"3":[5,5],"4":[5,5]}}
}
