{"/Users/zane/playground/react-window-context/src/components/contexts/breakpoint-plugin.jsx": {"path":"/Users/zane/playground/react-window-context/src/components/contexts/breakpoint-plugin.jsx","statementMap":{"0":{"start":{"line":8,"column":20},"end":{"line":20,"column":1}},"1":{"start":{"line":9,"column":2},"end":{"line":11,"column":null}},"2":{"start":{"line":10,"column":4},"end":{"line":10,"column":null}},"3":{"start":{"line":12,"column":16},"end":{"line":12,"column":26}},"4":{"start":{"line":13,"column":2},"end":{"line":15,"column":null}},"5":{"start":{"line":14,"column":4},"end":{"line":14,"column":null}},"6":{"start":{"line":16,"column":2},"end":{"line":18,"column":null}},"7":{"start":{"line":17,"column":4},"end":{"line":17,"column":null}},"8":{"start":{"line":19,"column":2},"end":{"line":19,"column":null}},"9":{"start":{"line":43,"column":25},"end":{"line":55,"column":1}},"10":{"start":{"line":44,"column":20},"end":{"line":44,"column":37}},"11":{"start":{"line":45,"column":21},"end":{"line":45,"column":53}},"12":{"start":{"line":46,"column":24},"end":{"line":47,"column":36}},"13":{"start":{"line":47,"column":4},"end":{"line":47,"column":35}},"14":{"start":{"line":49,"column":2},"end":{"line":52,"column":null}},"15":{"start":{"line":50,"column":4},"end":{"line":50,"column":null}},"16":{"start":{"line":51,"column":4},"end":{"line":51,"column":null}},"17":{"start":{"line":54,"column":2},"end":{"line":54,"column":null}},"18":{"start":{"line":57,"column":0},"end":{"line":57,"column":null}},"19":{"start":{"line":58,"column":0},"end":{"line":58,"column":null}},"20":{"start":{"line":59,"column":0},"end":{"line":59,"column":null}},"21":{"start":{"line":60,"column":0},"end":{"line":60,"column":null}}},"fnMap":{"0":{"name":"(anonymous_0)","decl":{"start":{"line":8,"column":20},"end":{"line":8,"column":28}},"loc":{"start":{"line":8,"column":33},"end":{"line":20,"column":1}}},"1":{"name":"(anonymous_1)","decl":{"start":{"line":43,"column":25},"end":{"line":43,"column":26}},"loc":{"start":{"line":43,"column":58},"end":{"line":55,"column":1}}},"2":{"name":"(anonymous_2)","decl":{"start":{"line":46,"column":60},"end":{"line":46,"column":70}},"loc":{"start":{"line":47,"column":4},"end":{"line":47,"column":35}}}},"branchMap":{"0":{"loc":{"start":{"line":9,"column":2},"end":{"line":11,"column":null}},"type":"if","locations":[{"start":{"line":9,"column":2},"end":{"line":11,"column":null}}]},"1":{"loc":{"start":{"line":13,"column":2},"end":{"line":15,"column":null}},"type":"if","locations":[{"start":{"line":13,"column":2},"end":{"line":15,"column":null}}]},"2":{"loc":{"start":{"line":16,"column":2},"end":{"line":18,"column":null}},"type":"if","locations":[{"start":{"line":16,"column":2},"end":{"line":18,"column":null}}]},"3":{"loc":{"start":{"line":16,"column":6},"end":{"line":16,"column":31}},"type":"cond-expr","locations":[{"start":{"line":16,"column":23},"end":{"line":16,"column":25}},{"start":{"line":16,"column":6},"end":{"line":16,"column":31}}]},"4":{"loc":{"start":{"line":16,"column":6},"end":{"line":16,"column":25}},"type":"binary-expr","locations":[{"start":{"line":16,"column":6},"end":{"line":16,"column":25}},{"start":{"line":16,"column":23},"end":{"line":16,"column":25}}]},"5":{"loc":{"start":{"line":49,"column":2},"end":{"line":52,"column":null}},"type":"if","locations":[{"start":{"line":49,"column":2},"end":{"line":52,"column":null}}]}},"s":{"0":2,"1":19,"2":0,"3":19,"4":19,"5":0,"6":19,"7":0,"8":19,"9":2,"10":19,"11":19,"12":19,"13":60,"14":19,"15":18,"16":18,"17":1,"18":2,"19":2,"20":2,"21":2},"f":{"0":19,"1":19,"2":60},"b":{"0":[0],"1":[0],"2":[0],"3":[0,19],"4":[19,19],"5":[18]}}
,"/Users/zane/playground/react-window-context/src/components/contexts/make-plugin.jsx": {"path":"/Users/zane/playground/react-window-context/src/components/contexts/make-plugin.jsx","statementMap":{"0":{"start":{"line":2,"column":0},"end":{"line":2,"column":55}},"1":{"start":{"line":16,"column":19},"end":{"line":50,"column":1}},"2":{"start":{"line":17,"column":29},"end":{"line":21,"column":17}},"3":{"start":{"line":23,"column":2},"end":{"line":25,"column":null}},"4":{"start":{"line":24,"column":4},"end":{"line":24,"column":null}},"5":{"start":{"line":27,"column":21},"end":{"line":43,"column":3}},"6":{"start":{"line":28,"column":18},"end":{"line":36,"column":28}},"7":{"start":{"line":38,"column":4},"end":{"line":41,"column":null}},"8":{"start":{"line":39,"column":6},"end":{"line":39,"column":null}},"9":{"start":{"line":40,"column":6},"end":{"line":40,"column":null}},"10":{"start":{"line":42,"column":4},"end":{"line":42,"column":null}},"11":{"start":{"line":45,"column":2},"end":{"line":45,"column":null}},"12":{"start":{"line":46,"column":2},"end":{"line":46,"column":null}},"13":{"start":{"line":47,"column":2},"end":{"line":47,"column":null}},"14":{"start":{"line":49,"column":2},"end":{"line":49,"column":null}},"15":{"start":{"line":56,"column":29},"end":{"line":65,"column":1}},"16":{"start":{"line":71,"column":38},"end":{"line":80,"column":1}},"17":{"start":{"line":86,"column":29},"end":{"line":95,"column":1}},"18":{"start":{"line":105,"column":26},"end":{"line":105,"column":111}},"19":{"start":{"line":105,"column":40},"end":{"line":105,"column":111}},"20":{"start":{"line":107,"column":0},"end":{"line":107,"column":null}},"21":{"start":{"line":115,"column":34},"end":{"line":116,"column":98}},"22":{"start":{"line":116,"column":2},"end":{"line":116,"column":98}},"23":{"start":{"line":118,"column":0},"end":{"line":118,"column":null}},"24":{"start":{"line":133,"column":26},"end":{"line":133,"column":104}},"25":{"start":{"line":133,"column":40},"end":{"line":133,"column":104}},"26":{"start":{"line":135,"column":0},"end":{"line":135,"column":null}},"27":{"start":{"line":140,"column":25},"end":{"line":140,"column":115}},"28":{"start":{"line":140,"column":31},"end":{"line":140,"column":115}},"29":{"start":{"line":140,"column":87},"end":{"line":140,"column":114}},"30":{"start":{"line":142,"column":0},"end":{"line":142,"column":null}},"31":{"start":{"line":147,"column":33},"end":{"line":148,"column":103}},"32":{"start":{"line":148,"column":2},"end":{"line":148,"column":103}},"33":{"start":{"line":148,"column":67},"end":{"line":148,"column":102}},"34":{"start":{"line":150,"column":0},"end":{"line":150,"column":null}},"35":{"start":{"line":162,"column":25},"end":{"line":162,"column":115}},"36":{"start":{"line":162,"column":31},"end":{"line":162,"column":115}},"37":{"start":{"line":162,"column":87},"end":{"line":162,"column":114}},"38":{"start":{"line":164,"column":0},"end":{"line":164,"column":null}},"39":{"start":{"line":169,"column":19},"end":{"line":169,"column":120}},"40":{"start":{"line":169,"column":25},"end":{"line":169,"column":120}},"41":{"start":{"line":169,"column":120},"end":{"line":169,"column":null}}},"fnMap":{"0":{"name":"(anonymous_0)","decl":{"start":{"line":16,"column":19},"end":{"line":16,"column":20}},"loc":{"start":{"line":16,"column":61},"end":{"line":50,"column":1}}},"1":{"name":"(anonymous_1)","decl":{"start":{"line":27,"column":21},"end":{"line":27,"column":22}},"loc":{"start":{"line":27,"column":44},"end":{"line":43,"column":3}}},"2":{"name":"(anonymous_2)","decl":{"start":{"line":105,"column":26},"end":{"line":105,"column":35}},"loc":{"start":{"line":105,"column":40},"end":{"line":105,"column":111}}},"3":{"name":"(anonymous_3)","decl":{"start":{"line":115,"column":34},"end":{"line":115,"column":43}},"loc":{"start":{"line":116,"column":2},"end":{"line":116,"column":98}}},"4":{"name":"(anonymous_4)","decl":{"start":{"line":133,"column":26},"end":{"line":133,"column":35}},"loc":{"start":{"line":133,"column":40},"end":{"line":133,"column":104}}},"5":{"name":"(anonymous_5)","decl":{"start":{"line":140,"column":25},"end":{"line":140,"column":31}},"loc":{"start":{"line":140,"column":31},"end":{"line":140,"column":115}}},"6":{"name":"(anonymous_6)","decl":{"start":{"line":140,"column":73},"end":{"line":140,"column":82}},"loc":{"start":{"line":140,"column":87},"end":{"line":140,"column":114}}},"7":{"name":"(anonymous_7)","decl":{"start":{"line":147,"column":33},"end":{"line":147,"column":null}},"loc":{"start":{"line":148,"column":2},"end":{"line":148,"column":103}}},"8":{"name":"(anonymous_8)","decl":{"start":{"line":148,"column":53},"end":{"line":148,"column":62}},"loc":{"start":{"line":148,"column":67},"end":{"line":148,"column":102}}},"9":{"name":"(anonymous_9)","decl":{"start":{"line":162,"column":25},"end":{"line":162,"column":31}},"loc":{"start":{"line":162,"column":31},"end":{"line":162,"column":115}}},"10":{"name":"(anonymous_10)","decl":{"start":{"line":162,"column":73},"end":{"line":162,"column":82}},"loc":{"start":{"line":162,"column":87},"end":{"line":162,"column":114}}},"11":{"name":"(anonymous_11)","decl":{"start":{"line":169,"column":19},"end":{"line":169,"column":25}},"loc":{"start":{"line":169,"column":25},"end":{"line":169,"column":120}}}},"branchMap":{"0":{"loc":{"start":{"line":17,"column":29},"end":{"line":21,"column":17}},"type":"cond-expr","locations":[{"start":{"line":18,"column":6},"end":{"line":18,"column":15}},{"start":{"line":19,"column":6},"end":{"line":21,"column":17}}]},"1":{"loc":{"start":{"line":19,"column":6},"end":{"line":21,"column":17}},"type":"cond-expr","locations":[{"start":{"line":20,"column":8},"end":{"line":20,"column":17}},{"start":{"line":21,"column":8},"end":{"line":21,"column":17}}]},"2":{"loc":{"start":{"line":23,"column":2},"end":{"line":25,"column":null}},"type":"if","locations":[{"start":{"line":23,"column":2},"end":{"line":25,"column":null}}]},"3":{"loc":{"start":{"line":28,"column":18},"end":{"line":36,"column":28}},"type":"cond-expr","locations":[{"start":{"line":29,"column":8},"end":{"line":29,"column":37}},{"start":{"line":30,"column":8},"end":{"line":36,"column":28}}]},"4":{"loc":{"start":{"line":28,"column":18},"end":{"line":28,"column":71}},"type":"binary-expr","locations":[{"start":{"line":28,"column":18},"end":{"line":28,"column":41}},{"start":{"line":28,"column":45},"end":{"line":28,"column":71}}]},"5":{"loc":{"start":{"line":29,"column":8},"end":{"line":29,"column":37}},"type":"binary-expr","locations":[{"start":{"line":29,"column":8},"end":{"line":29,"column":19}},{"start":{"line":29,"column":23},"end":{"line":29,"column":37}}]},"6":{"loc":{"start":{"line":30,"column":8},"end":{"line":36,"column":28}},"type":"cond-expr","locations":[{"start":{"line":31,"column":10},"end":{"line":31,"column":38}},{"start":{"line":32,"column":10},"end":{"line":36,"column":28}}]},"7":{"loc":{"start":{"line":30,"column":8},"end":{"line":30,"column":60}},"type":"binary-expr","locations":[{"start":{"line":30,"column":8},"end":{"line":30,"column":31}},{"start":{"line":30,"column":35},"end":{"line":30,"column":60}}]},"8":{"loc":{"start":{"line":31,"column":10},"end":{"line":31,"column":38}},"type":"binary-expr","locations":[{"start":{"line":31,"column":10},"end":{"line":31,"column":21}},{"start":{"line":31,"column":25},"end":{"line":31,"column":38}}]},"9":{"loc":{"start":{"line":32,"column":10},"end":{"line":36,"column":28}},"type":"cond-expr","locations":[{"start":{"line":33,"column":12},"end":{"line":33,"column":33}},{"start":{"line":34,"column":12},"end":{"line":36,"column":28}}]},"10":{"loc":{"start":{"line":34,"column":12},"end":{"line":36,"column":28}},"type":"cond-expr","locations":[{"start":{"line":35,"column":14},"end":{"line":35,"column":34}},{"start":{"line":36,"column":14},"end":{"line":36,"column":28}}]},"11":{"loc":{"start":{"line":38,"column":4},"end":{"line":41,"column":null}},"type":"if","locations":[{"start":{"line":38,"column":4},"end":{"line":41,"column":null}}]}},"s":{"0":2,"1":2,"2":63,"3":63,"4":3,"5":60,"6":8,"7":8,"8":5,"9":5,"10":3,"11":60,"12":60,"13":60,"14":60,"15":2,"16":2,"17":2,"18":2,"19":20,"20":2,"21":2,"22":16,"23":2,"24":2,"25":27,"26":2,"27":2,"28":2,"29":16,"30":2,"31":2,"32":2,"33":12,"34":2,"35":2,"36":2,"37":16,"38":2,"39":2,"40":1,"41":2},"f":{"0":63,"1":8,"2":20,"3":16,"4":27,"5":2,"6":16,"7":2,"8":12,"9":2,"10":16,"11":1},"b":{"0":[0,63],"1":[0,63],"2":[3],"3":[2,6],"4":[8,6],"5":[2,1],"6":[0,6],"7":[6,6],"8":[0,0],"9":[0,6],"10":[0,6],"11":[5]}}
,"/Users/zane/playground/react-window-context/src/components/contexts/window-context.jsx": {"path":"/Users/zane/playground/react-window-context/src/components/contexts/window-context.jsx","statementMap":{"0":{"start":{"line":5,"column":0},"end":{"line":5,"column":null}},"1":{"start":{"line":6,"column":0},"end":{"line":6,"column":34}},"2":{"start":{"line":6,"column":34},"end":{"line":6,"column":null}},"3":{"start":{"line":8,"column":24},"end":{"line":8,"column":42}},"4":{"start":{"line":10,"column":22},"end":{"line":14,"column":1}},"5":{"start":{"line":37,"column":22},"end":{"line":95,"column":1}},"6":{"start":{"line":38,"column":34},"end":{"line":38,"column":57}},"7":{"start":{"line":39,"column":2},"end":{"line":42,"column":null}},"8":{"start":{"line":40,"column":30},"end":{"line":40,"column":70}},"9":{"start":{"line":41,"column":4},"end":{"line":41,"column":null}},"10":{"start":{"line":41,"column":16},"end":{"line":41,"column":null}},"11":{"start":{"line":44,"column":2},"end":{"line":90,"column":null}},"12":{"start":{"line":45,"column":21},"end":{"line":48,"column":5}},"13":{"start":{"line":46,"column":32},"end":{"line":46,"column":72}},"14":{"start":{"line":47,"column":6},"end":{"line":47,"column":null}},"15":{"start":{"line":47,"column":18},"end":{"line":47,"column":null}},"16":{"start":{"line":50,"column":24},"end":{"line":55,"column":10}},"17":{"start":{"line":51,"column":6},"end":{"line":53,"column":null}},"18":{"start":{"line":52,"column":8},"end":{"line":52,"column":null}},"19":{"start":{"line":52,"column":38},"end":{"line":52,"column":54}},"20":{"start":{"line":54,"column":6},"end":{"line":54,"column":null}},"21":{"start":{"line":57,"column":21},"end":{"line":57,"column":23}},"22":{"start":{"line":58,"column":4},"end":{"line":86,"column":null}},"23":{"start":{"line":59,"column":6},"end":{"line":85,"column":null}},"24":{"start":{"line":60,"column":8},"end":{"line":60,"column":null}},"25":{"start":{"line":61,"column":8},"end":{"line":61,"column":null}},"26":{"start":{"line":61,"column":28},"end":{"line":61,"column":74}},"27":{"start":{"line":62,"column":13},"end":{"line":85,"column":null}},"28":{"start":{"line":63,"column":8},"end":{"line":63,"column":null}},"29":{"start":{"line":64,"column":8},"end":{"line":64,"column":null}},"30":{"start":{"line":64,"column":28},"end":{"line":64,"column":74}},"31":{"start":{"line":65,"column":13},"end":{"line":85,"column":null}},"32":{"start":{"line":66,"column":8},"end":{"line":66,"column":null}},"33":{"start":{"line":67,"column":8},"end":{"line":67,"column":null}},"34":{"start":{"line":67,"column":28},"end":{"line":67,"column":85}},"35":{"start":{"line":68,"column":13},"end":{"line":85,"column":null}},"36":{"start":{"line":69,"column":25},"end":{"line":69,"column":70}},"37":{"start":{"line":72,"column":24},"end":{"line":72,"column":79}},"38":{"start":{"line":72,"column":32},"end":{"line":72,"column":78}},"39":{"start":{"line":73,"column":24},"end":{"line":73,"column":52}},"40":{"start":{"line":73,"column":30},"end":{"line":73,"column":52}},"41":{"start":{"line":77,"column":8},"end":{"line":77,"column":null}},"42":{"start":{"line":78,"column":8},"end":{"line":78,"column":null}},"43":{"start":{"line":80,"column":8},"end":{"line":84,"column":null}},"44":{"start":{"line":81,"column":10},"end":{"line":81,"column":null}},"45":{"start":{"line":82,"column":10},"end":{"line":82,"column":null}},"46":{"start":{"line":83,"column":10},"end":{"line":83,"column":null}},"47":{"start":{"line":87,"column":4},"end":{"line":89,"column":null}},"48":{"start":{"line":88,"column":6},"end":{"line":88,"column":null}},"49":{"start":{"line":88,"column":36},"end":{"line":88,"column":45}},"50":{"start":{"line":92,"column":2},"end":{"line":94,"column":null}},"51":{"start":{"line":95,"column":1},"end":{"line":95,"column":null}},"52":{"start":{"line":97,"column":0},"end":{"line":102,"column":null}},"53":{"start":{"line":114,"column":16},"end":{"line":122,"column":1}},"54":{"start":{"line":115,"column":18},"end":{"line":115,"column":43}},"55":{"start":{"line":116,"column":15},"end":{"line":116,"column":20}},"56":{"start":{"line":117,"column":2},"end":{"line":119,"column":null}},"57":{"start":{"line":118,"column":4},"end":{"line":118,"column":null}},"58":{"start":{"line":121,"column":2},"end":{"line":121,"column":null}}},"fnMap":{"0":{"name":"_getRequireWildcardCache","decl":{"start":{"line":6,"column":34},"end":{"line":6,"column":null}},"loc":{"start":{"line":6,"column":34},"end":{"line":6,"column":null}}},"1":{"name":"(anonymous_3)","decl":{"start":{"line":37,"column":22},"end":{"line":37,"column":23}},"loc":{"start":{"line":37,"column":84},"end":{"line":95,"column":1}}},"2":{"name":"(anonymous_4)","decl":{"start":{"line":44,"column":12},"end":{"line":44,"column":18}},"loc":{"start":{"line":44,"column":18},"end":{"line":90,"column":3}}},"3":{"name":"(anonymous_5)","decl":{"start":{"line":45,"column":21},"end":{"line":45,"column":27}},"loc":{"start":{"line":45,"column":27},"end":{"line":48,"column":5}}},"4":{"name":"(anonymous_6)","decl":{"start":{"line":50,"column":39},"end":{"line":50,"column":40}},"loc":{"start":{"line":50,"column":60},"end":{"line":55,"column":5}}},"5":{"name":"(anonymous_7)","decl":{"start":{"line":61,"column":22},"end":{"line":61,"column":28}},"loc":{"start":{"line":61,"column":28},"end":{"line":61,"column":74}}},"6":{"name":"(anonymous_8)","decl":{"start":{"line":64,"column":22},"end":{"line":64,"column":28}},"loc":{"start":{"line":64,"column":28},"end":{"line":64,"column":74}}},"7":{"name":"(anonymous_9)","decl":{"start":{"line":67,"column":22},"end":{"line":67,"column":28}},"loc":{"start":{"line":67,"column":28},"end":{"line":67,"column":85}}},"8":{"name":"(anonymous_10)","decl":{"start":{"line":72,"column":24},"end":{"line":72,"column":30}},"loc":{"start":{"line":72,"column":30},"end":{"line":72,"column":79}}},"9":{"name":"(anonymous_11)","decl":{"start":{"line":73,"column":24},"end":{"line":73,"column":30}},"loc":{"start":{"line":73,"column":30},"end":{"line":73,"column":52}}},"10":{"name":"(anonymous_12)","decl":{"start":{"line":80,"column":22},"end":{"line":80,"column":28}},"loc":{"start":{"line":80,"column":28},"end":{"line":84,"column":9}}},"11":{"name":"(anonymous_13)","decl":{"start":{"line":87,"column":11},"end":{"line":87,"column":17}},"loc":{"start":{"line":87,"column":17},"end":{"line":89,"column":5}}},"12":{"name":"(anonymous_14)","decl":{"start":{"line":88,"column":24},"end":{"line":88,"column":31}},"loc":{"start":{"line":88,"column":36},"end":{"line":88,"column":45}}},"13":{"name":"(anonymous_15)","decl":{"start":{"line":114,"column":16},"end":{"line":114,"column":17}},"loc":{"start":{"line":114,"column":53},"end":{"line":122,"column":1}}},"14":{"name":"(anonymous_16)","decl":{"start":{"line":117,"column":19},"end":{"line":117,"column":25}},"loc":{"start":{"line":117,"column":30},"end":{"line":119,"column":3}}}},"branchMap":{"0":{"loc":{"start":{"line":6,"column":34},"end":{"line":6,"column":null}},"type":"if","locations":[{"start":{"line":6,"column":34},"end":{"line":6,"column":null}}]},"1":{"loc":{"start":{"line":6,"column":34},"end":{"line":6,"column":null}},"type":"cond-expr","locations":[{"start":{"line":6,"column":34},"end":{"line":6,"column":null}},{"start":{"line":6,"column":34},"end":{"line":6,"column":null}}]},"2":{"loc":{"start":{"line":6,"column":34},"end":{"line":6,"column":null}},"type":"binary-expr","locations":[{"start":{"line":6,"column":34},"end":{"line":6,"column":null}},{"start":{"line":6,"column":34},"end":{"line":6,"column":null}},{"start":{"line":6,"column":34},"end":{"line":6,"column":null}}]},"3":{"loc":{"start":{"line":37,"column":35},"end":{"line":37,"column":47}},"type":"default-arg","locations":[{"start":{"line":37,"column":45},"end":{"line":37,"column":47}}]},"4":{"loc":{"start":{"line":37,"column":49},"end":{"line":37,"column":67}},"type":"default-arg","locations":[{"start":{"line":37,"column":64},"end":{"line":37,"column":67}}]},"5":{"loc":{"start":{"line":39,"column":2},"end":{"line":42,"column":null}},"type":"if","locations":[{"start":{"line":39,"column":2},"end":{"line":42,"column":null}}]},"6":{"loc":{"start":{"line":41,"column":4},"end":{"line":41,"column":null}},"type":"if","locations":[{"start":{"line":41,"column":4},"end":{"line":41,"column":null}}]},"7":{"loc":{"start":{"line":47,"column":6},"end":{"line":47,"column":null}},"type":"if","locations":[{"start":{"line":47,"column":6},"end":{"line":47,"column":null}}]},"8":{"loc":{"start":{"line":52,"column":8},"end":{"line":52,"column":null}},"type":"if","locations":[{"start":{"line":52,"column":8},"end":{"line":52,"column":null}}]},"9":{"loc":{"start":{"line":59,"column":6},"end":{"line":85,"column":null}},"type":"if","locations":[{"start":{"line":59,"column":6},"end":{"line":85,"column":null}},{"start":{"line":62,"column":13},"end":{"line":85,"column":null}}]},"10":{"loc":{"start":{"line":62,"column":13},"end":{"line":85,"column":null}},"type":"if","locations":[{"start":{"line":62,"column":13},"end":{"line":85,"column":null}},{"start":{"line":65,"column":13},"end":{"line":85,"column":null}}]},"11":{"loc":{"start":{"line":65,"column":13},"end":{"line":85,"column":null}},"type":"if","locations":[{"start":{"line":65,"column":13},"end":{"line":85,"column":null}},{"start":{"line":68,"column":13},"end":{"line":85,"column":null}}]},"12":{"loc":{"start":{"line":68,"column":13},"end":{"line":85,"column":null}},"type":"if","locations":[{"start":{"line":68,"column":13},"end":{"line":85,"column":null}}]},"13":{"loc":{"start":{"line":118,"column":13},"end":{"line":118,"column":58}},"type":"binary-expr","locations":[{"start":{"line":118,"column":13},"end":{"line":118,"column":48}},{"start":{"line":118,"column":52},"end":{"line":118,"column":58}}]}},"s":{"0":1,"1":1,"2":118,"3":1,"4":1,"5":1,"6":39,"7":39,"8":19,"9":19,"10":18,"11":39,"12":19,"13":3,"14":3,"15":2,"16":19,"17":18,"18":37,"19":37,"20":18,"21":19,"22":19,"23":37,"24":18,"25":18,"26":18,"27":19,"28":0,"29":0,"30":0,"31":19,"32":18,"33":18,"34":18,"35":1,"36":1,"37":1,"38":1,"39":1,"40":0,"41":1,"42":1,"43":1,"44":1,"45":1,"46":1,"47":19,"48":19,"49":37,"50":39,"51":1,"52":1,"53":1,"54":22,"55":22,"56":22,"57":21,"58":22},"f":{"0":3,"1":39,"2":19,"3":3,"4":18,"5":18,"6":0,"7":18,"8":1,"9":0,"10":1,"11":19,"12":37,"13":22,"14":21},"b":{"0":[35],"1":[73,74],"2":[37,37,36],"3":[1],"4":[39],"5":[19],"6":[18],"7":[2],"8":[37],"9":[18,19],"10":[0,19],"11":[18,1],"12":[1],"13":[21,1]}}
,"/Users/zane/playground/react-window-context/src/components/hooks/use-window-info.js": {"path":"/Users/zane/playground/react-window-context/src/components/hooks/use-window-info.js","statementMap":{"0":{"start":{"line":1,"column":0},"end":{"line":1,"column":null}},"1":{"start":{"line":2,"column":0},"end":{"line":2,"column":64}},"2":{"start":{"line":10,"column":22},"end":{"line":10,"column":58}},"3":{"start":{"line":10,"column":28},"end":{"line":10,"column":58}},"4":{"start":{"line":10,"column":58},"end":{"line":10,"column":null}}},"fnMap":{"0":{"name":"(anonymous_0)","decl":{"start":{"line":10,"column":22},"end":{"line":10,"column":28}},"loc":{"start":{"line":10,"column":28},"end":{"line":10,"column":58}}}},"branchMap":{},"s":{"0":1,"1":1,"2":1,"3":21,"4":1},"f":{"0":21},"b":{}}
}
